# JRE version: OpenJDK Runtime Environment (8.0_152-b08) (build 1.8.0_152-release-915-b08)
# Java VM: OpenJDK 64-Bit Server VM (25.152-b08 mixed mode bsd-amd64 compressed oops)
Heap:
 PSYoungGen      total 495104K, used 471538K [0x00000007a0000000, 0x00000007c0000000, 0x00000007c0000000)
  eden space 465920K, 100% used [0x00000007a0000000,0x00000007bc700000,0x00000007bc700000)
  from space 29184K, 19% used [0x00000007bc700000,0x00000007bcc7c988,0x00000007be380000)
  to   space 29184K, 1% used [0x00000007be380000,0x00000007be3e0020,0x00000007c0000000)
 ParOldGen       total 238592K, used 130947K [0x0000000760000000, 0x000000076e900000, 0x00000007a0000000)
  object space 238592K, 54% used [0x0000000760000000,0x0000000767fe0f70,0x000000076e900000)
 Metaspace       used 83868K, capacity 88002K, committed 88280K, reserved 1126400K
  class space    used 10629K, capacity 11637K, committed 11776K, reserved 1048576K
GC Heap History (10 events):
Event: 200.682 GC heap after
Heap after GC invocations=17 (full 3):
 PSYoungGen      total 498688K, used 16260K [0x00000007a0000000, 0x00000007c0000000, 0x00000007c0000000)
  eden space 473088K, 0% used [0x00000007a0000000,0x00000007a0000000,0x00000007bce00000)
  from space 25600K, 63% used [0x00000007be700000,0x00000007bf6e1150,0x00000007c0000000)
  to   space 25600K, 0% used [0x00000007bce00000,0x00000007bce00000,0x00000007be700000)
 ParOldGen       total 113664K, used 77566K [0x0000000760000000, 0x0000000766f00000, 0x00000007a0000000)
  object space 113664K, 68% used [0x0000000760000000,0x0000000764bbfa38,0x0000000766f00000)
 Metaspace       used 78324K, capacity 82132K, committed 82264K, reserved 1120256K
  class space    used 10113K, capacity 11050K, committed 11136K, reserved 1048576K
}
Event: 209.029 GC heap before
{Heap before GC invocations=18 (full 3):
 PSYoungGen      total 498688K, used 489348K [0x00000007a0000000, 0x00000007c0000000, 0x00000007c0000000)
  eden space 473088K, 100% used [0x00000007a0000000,0x00000007bce00000,0x00000007bce00000)
  from space 25600K, 63% used [0x00000007be700000,0x00000007bf6e1150,0x00000007c0000000)
  to   space 25600K, 0% used [0x00000007bce00000,0x00000007bce00000,0x00000007be700000)
 ParOldGen       total 113664K, used 77566K [0x0000000760000000, 0x0000000766f00000, 0x00000007a0000000)
  object space 113664K, 68% used [0x0000000760000000,0x0000000764bbfa38,0x0000000766f00000)
 Metaspace       used 78982K, capacity 83048K, committed 83160K, reserved 1122304K
  class space    used 10217K, capacity 11222K, committed 11264K, reserved 1048576K
Event: 209.070 GC heap after
Heap after GC invocations=18 (full 3):
 PSYoungGen      total 475648K, used 2305K [0x00000007a0000000, 0x00000007c0000000, 0x00000007c0000000)
  eden space 473088K, 0% used [0x00000007a0000000,0x00000007a0000000,0x00000007bce00000)
  from space 2560K, 90% used [0x00000007bce00000,0x00000007bd0406d0,0x00000007bd080000)
  to   space 26112K, 0% used [0x00000007be680000,0x00000007be680000,0x00000007c0000000)
 ParOldGen       total 113664K, used 92017K [0x0000000760000000, 0x0000000766f00000, 0x00000007a0000000)
  object space 113664K, 80% used [0x0000000760000000,0x00000007659dc6d8,0x0000000766f00000)
 Metaspace       used 78982K, capacity 83048K, committed 83160K, reserved 1122304K
  class space    used 10217K, capacity 11222K, committed 11264K, reserved 1048576K
}
Event: 217.858 GC heap before
{Heap before GC invocations=19 (full 3):
 PSYoungGen      total 475648K, used 475393K [0x00000007a0000000, 0x00000007c0000000, 0x00000007c0000000)
  eden space 473088K, 100% used [0x00000007a0000000,0x00000007bce00000,0x00000007bce00000)
  from space 2560K, 90% used [0x00000007bce00000,0x00000007bd0406d0,0x00000007bd080000)
  to   space 26112K, 0% used [0x00000007be680000,0x00000007be680000,0x00000007c0000000)
 ParOldGen       total 113664K, used 92017K [0x0000000760000000, 0x0000000766f00000, 0x00000007a0000000)
  object space 113664K, 80% used [0x0000000760000000,0x00000007659dc6d8,0x0000000766f00000)
 Metaspace       used 82822K, capacity 86928K, committed 87128K, reserved 1124352K
  class space    used 10546K, capacity 11551K, committed 11648K, reserved 1048576K
Event: 217.908 GC heap after
Heap after GC invocations=19 (full 3):
 PSYoungGen      total 492032K, used 23062K [0x00000007a0000000, 0x00000007c0000000, 0x00000007c0000000)
  eden space 465920K, 0% used [0x00000007a0000000,0x00000007a0000000,0x00000007bc700000)
  from space 26112K, 88% used [0x00000007be680000,0x00000007bfd059d0,0x00000007c0000000)
  to   space 29184K, 0% used [0x00000007bc700000,0x00000007bc700000,0x00000007be380000)
 ParOldGen       total 113664K, used 93047K [0x0000000760000000, 0x0000000766f00000, 0x00000007a0000000)
  object space 113664K, 81% used [0x0000000760000000,0x0000000765addc78,0x0000000766f00000)
 Metaspace       used 82822K, capacity 86928K, committed 87128K, reserved 1124352K
  class space    used 10546K, capacity 11551K, committed 11648K, reserved 1048576K
}
Event: 221.247 GC heap before
{Heap before GC invocations=20 (full 3):
 PSYoungGen      total 492032K, used 484577K [0x00000007a0000000, 0x00000007c0000000, 0x00000007c0000000)
  eden space 465920K, 99% used [0x00000007a0000000,0x00000007bc2b2be0,0x00000007bc700000)
  from space 26112K, 88% used [0x00000007be680000,0x00000007bfd059d0,0x00000007c0000000)
  to   space 29184K, 0% used [0x00000007bc700000,0x00000007bc700000,0x00000007be380000)
 ParOldGen       total 113664K, used 93047K [0x0000000760000000, 0x0000000766f00000, 0x00000007a0000000)
  object space 113664K, 81% used [0x0000000760000000,0x0000000765addc78,0x0000000766f00000)
 Metaspace       used 83259K, capacity 87422K, committed 87640K, reserved 1126400K
  class space    used 10576K, capacity 11586K, committed 11648K, reserved 1048576K
Event: 221.364 GC heap after
Heap after GC invocations=20 (full 3):
 PSYoungGen      total 495104K, used 29177K [0x00000007a0000000, 0x00000007c0000000, 0x00000007c0000000)
  eden space 465920K, 0% used [0x00000007a0000000,0x00000007a0000000,0x00000007bc700000)
  from space 29184K, 99% used [0x00000007bc700000,0x00000007be37e730,0x00000007be380000)
  to   space 29184K, 0% used [0x00000007be380000,0x00000007be380000,0x00000007c0000000)
 ParOldGen       total 131072K, used 130690K [0x0000000760000000, 0x0000000768000000, 0x00000007a0000000)
  object space 131072K, 99% used [0x0000000760000000,0x0000000767fa0908,0x0000000768000000)
 Metaspace       used 83259K, capacity 87422K, committed 87640K, reserved 1126400K
  class space    used 10576K, capacity 11586K, committed 11648K, reserved 1048576K
}
Event: 221.364 GC heap before
{Heap before GC invocations=21 (full 4):
 PSYoungGen      total 495104K, used 29177K [0x00000007a0000000, 0x00000007c0000000, 0x00000007c0000000)
  eden space 465920K, 0% used [0x00000007a0000000,0x00000007a0000000,0x00000007bc700000)
  from space 29184K, 99% used [0x00000007bc700000,0x00000007be37e730,0x00000007be380000)
  to   space 29184K, 0% used [0x00000007be380000,0x00000007be380000,0x00000007c0000000)
 ParOldGen       total 131072K, used 130690K [0x0000000760000000, 0x0000000768000000, 0x00000007a0000000)
  object space 131072K, 99% used [0x0000000760000000,0x0000000767fa0908,0x0000000768000000)
 Metaspace       used 83259K, capacity 87422K, committed 87640K, reserved 1126400K
  class space    used 10576K, capacity 11586K, committed 11648K, reserved 1048576K
Event: 222.475 GC heap after
Heap after GC invocations=21 (full 4):
 PSYoungGen      total 495104K, used 5618K [0x00000007a0000000, 0x00000007c0000000, 0x00000007c0000000)
  eden space 465920K, 0% used [0x00000007a0000000,0x00000007a0000000,0x00000007bc700000)
  from space 29184K, 19% used [0x00000007bc700000,0x00000007bcc7c988,0x00000007be380000)
  to   space 29184K, 0% used [0x00000007be380000,0x00000007be380000,0x00000007c0000000)
 ParOldGen       total 238592K, used 130947K [0x0000000760000000, 0x000000076e900000, 0x00000007a0000000)
  object space 238592K, 54% used [0x0000000760000000,0x0000000767fe0f70,0x000000076e900000)
 Metaspace       used 83221K, capacity 87348K, committed 87640K, reserved 1126400K
  class space    used 10565K, capacity 11568K, committed 11648K, reserved 1048576K
}
Event: 226.934 GC heap before
{Heap before GC invocations=22 (full 4):
 PSYoungGen      total 495104K, used 471538K [0x00000007a0000000, 0x00000007c0000000, 0x00000007c0000000)
  eden space 465920K, 100% used [0x00000007a0000000,0x00000007bc700000,0x00000007bc700000)
  from space 29184K, 19% used [0x00000007bc700000,0x00000007bcc7c988,0x00000007be380000)
  to   space 29184K, 0% used [0x00000007be380000,0x00000007be380000,0x00000007c0000000)
 ParOldGen       total 238592K, used 130947K [0x0000000760000000, 0x000000076e900000, 0x00000007a0000000)
  object space 238592K, 54% used [0x0000000760000000,0x0000000767fe0f70,0x000000076e900000)
 Metaspace       used 83868K, capacity 88002K, committed 88280K, reserved 1126400K
  class space    used 10629K, capacity 11637K, committed 11776K, reserved 1048576K

